<?xml version="1.0" encoding="UTF-8"?>
<!-- Generated by org.testng.reporters.JUnitReportReporter -->
<testsuite hostname="LAPTOP-94CP97N4" failures="0" tests="4" name="com.SecuriThingsTest.testing.TestNGMain" time="82.371" errors="0" timestamp="2022-10-02T23:05:51 IDT" skipped="0">
  <testcase classname="com.SecuriThingsTest.testing.TestNGMain" name="createAccount" time="28.218"/>
  <system-out/>
  <testcase classname="com.SecuriThingsTest.testing.TestNGMain" name="closeDriver" time="0.186"/>
  <system-out/>
  <testcase classname="com.SecuriThingsTest.testing.TestNGMain" name="addItemsToCart" time="27.245"/>
  <system-out/>
  <testcase classname="com.SecuriThingsTest.testing.TestNGMain" name="pay" time="26.722"/>
  <system-out/>
</testsuite> <!-- com.SecuriThingsTest.testing.TestNGMain -->
